Determining if the pthread_create exist failed with the following output:
Change Dir: /home/michele/catkinect/build/CMakeFiles/CMakeTmp

Run Build Command:"/usr/bin/make" "cmTC_66133/fast"
/usr/bin/make -f CMakeFiles/cmTC_66133.dir/build.make CMakeFiles/cmTC_66133.dir/build
make[1]: ingresso nella directory "/home/michele/catkinect/build/CMakeFiles/CMakeTmp"
Building C object CMakeFiles/cmTC_66133.dir/CheckSymbolExists.c.o
/usr/bin/cc     -o CMakeFiles/cmTC_66133.dir/CheckSymbolExists.c.o   -c /home/michele/catkinect/build/CMakeFiles/CMakeTmp/CheckSymbolExists.c
Linking C executable cmTC_66133
/usr/bin/cmake -E cmake_link_script CMakeFiles/cmTC_66133.dir/link.txt --verbose=1
/usr/bin/cc       CMakeFiles/cmTC_66133.dir/CheckSymbolExists.c.o  -o cmTC_66133 -rdynamic 
CMakeFiles/cmTC_66133.dir/CheckSymbolExists.c.o: nella funzione "main":
CheckSymbolExists.c:(.text+0x16): riferimento non definito a "pthread_create"
collect2: error: ld returned 1 exit status
CMakeFiles/cmTC_66133.dir/build.make:97: set di istruzioni per l'obiettivo "cmTC_66133" non riuscito
make[1]: *** [cmTC_66133] Errore 1
make[1]: uscita dalla directory "/home/michele/catkinect/build/CMakeFiles/CMakeTmp"
Makefile:126: set di istruzioni per l'obiettivo "cmTC_66133/fast" non riuscito
make: *** [cmTC_66133/fast] Errore 2

File /home/michele/catkinect/build/CMakeFiles/CMakeTmp/CheckSymbolExists.c:
/* */
#include <pthread.h>

int main(int argc, char** argv)
{
  (void)argv;
#ifndef pthread_create
  return ((int*)(&pthread_create))[argc];
#else
  (void)argc;
  return 0;
#endif
}

Determining if the function pthread_create exists in the pthreads failed with the following output:
Change Dir: /home/michele/catkinect/build/CMakeFiles/CMakeTmp

Run Build Command:"/usr/bin/make" "cmTC_4e436/fast"
/usr/bin/make -f CMakeFiles/cmTC_4e436.dir/build.make CMakeFiles/cmTC_4e436.dir/build
make[1]: ingresso nella directory "/home/michele/catkinect/build/CMakeFiles/CMakeTmp"
Building C object CMakeFiles/cmTC_4e436.dir/CheckFunctionExists.c.o
/usr/bin/cc    -DCHECK_FUNCTION_EXISTS=pthread_create   -o CMakeFiles/cmTC_4e436.dir/CheckFunctionExists.c.o   -c /usr/share/cmake-3.5/Modules/CheckFunctionExists.c
Linking C executable cmTC_4e436
/usr/bin/cmake -E cmake_link_script CMakeFiles/cmTC_4e436.dir/link.txt --verbose=1
/usr/bin/cc   -DCHECK_FUNCTION_EXISTS=pthread_create    CMakeFiles/cmTC_4e436.dir/CheckFunctionExists.c.o  -o cmTC_4e436 -rdynamic -lpthreads 
/usr/bin/ld: impossibile trovare -lpthreads
collect2: error: ld returned 1 exit status
CMakeFiles/cmTC_4e436.dir/build.make:97: set di istruzioni per l'obiettivo "cmTC_4e436" non riuscito
make[1]: *** [cmTC_4e436] Errore 1
make[1]: uscita dalla directory "/home/michele/catkinect/build/CMakeFiles/CMakeTmp"
Makefile:126: set di istruzioni per l'obiettivo "cmTC_4e436/fast" non riuscito
make: *** [cmTC_4e436/fast] Errore 2


Determining if the CL_VERSION_2_0 exist failed with the following output:
Change Dir: /home/michele/catkinect/build/CMakeFiles/CMakeTmp

Run Build Command:"/usr/bin/make" "cmTC_bb4f8/fast"
/usr/bin/make -f CMakeFiles/cmTC_bb4f8.dir/build.make CMakeFiles/cmTC_bb4f8.dir/build
make[1]: ingresso nella directory "/home/michele/catkinect/build/CMakeFiles/CMakeTmp"
Building C object CMakeFiles/cmTC_bb4f8.dir/CheckSymbolExists.c.o
/usr/bin/cc     -o CMakeFiles/cmTC_bb4f8.dir/CheckSymbolExists.c.o   -c /home/michele/catkinect/build/CMakeFiles/CMakeTmp/CheckSymbolExists.c
/home/michele/catkinect/build/CMakeFiles/CMakeTmp/CheckSymbolExists.c:2:47: fatal error: OpenCL_INCLUDE_DIR-NOTFOUND/CL/cl.h: File o directory non esistente
compilation terminated.
CMakeFiles/cmTC_bb4f8.dir/build.make:65: set di istruzioni per l'obiettivo "CMakeFiles/cmTC_bb4f8.dir/CheckSymbolExists.c.o" non riuscito
make[1]: *** [CMakeFiles/cmTC_bb4f8.dir/CheckSymbolExists.c.o] Errore 1
make[1]: uscita dalla directory "/home/michele/catkinect/build/CMakeFiles/CMakeTmp"
Makefile:126: set di istruzioni per l'obiettivo "cmTC_bb4f8/fast" non riuscito
make: *** [cmTC_bb4f8/fast] Errore 2

File /home/michele/catkinect/build/CMakeFiles/CMakeTmp/CheckSymbolExists.c:
/* */
#include <OpenCL_INCLUDE_DIR-NOTFOUND/CL/cl.h>

int main(int argc, char** argv)
{
  (void)argv;
#ifndef CL_VERSION_2_0
  return ((int*)(&CL_VERSION_2_0))[argc];
#else
  (void)argc;
  return 0;
#endif
}

Determining if the CL_VERSION_1_2 exist failed with the following output:
Change Dir: /home/michele/catkinect/build/CMakeFiles/CMakeTmp

Run Build Command:"/usr/bin/make" "cmTC_967b3/fast"
/usr/bin/make -f CMakeFiles/cmTC_967b3.dir/build.make CMakeFiles/cmTC_967b3.dir/build
make[1]: ingresso nella directory "/home/michele/catkinect/build/CMakeFiles/CMakeTmp"
Building C object CMakeFiles/cmTC_967b3.dir/CheckSymbolExists.c.o
/usr/bin/cc     -o CMakeFiles/cmTC_967b3.dir/CheckSymbolExists.c.o   -c /home/michele/catkinect/build/CMakeFiles/CMakeTmp/CheckSymbolExists.c
/home/michele/catkinect/build/CMakeFiles/CMakeTmp/CheckSymbolExists.c:2:47: fatal error: OpenCL_INCLUDE_DIR-NOTFOUND/CL/cl.h: File o directory non esistente
compilation terminated.
CMakeFiles/cmTC_967b3.dir/build.make:65: set di istruzioni per l'obiettivo "CMakeFiles/cmTC_967b3.dir/CheckSymbolExists.c.o" non riuscito
make[1]: *** [CMakeFiles/cmTC_967b3.dir/CheckSymbolExists.c.o] Errore 1
make[1]: uscita dalla directory "/home/michele/catkinect/build/CMakeFiles/CMakeTmp"
Makefile:126: set di istruzioni per l'obiettivo "cmTC_967b3/fast" non riuscito
make: *** [cmTC_967b3/fast] Errore 2

File /home/michele/catkinect/build/CMakeFiles/CMakeTmp/CheckSymbolExists.c:
/* */
#include <OpenCL_INCLUDE_DIR-NOTFOUND/CL/cl.h>

int main(int argc, char** argv)
{
  (void)argv;
#ifndef CL_VERSION_1_2
  return ((int*)(&CL_VERSION_1_2))[argc];
#else
  (void)argc;
  return 0;
#endif
}

Determining if the CL_VERSION_1_1 exist failed with the following output:
Change Dir: /home/michele/catkinect/build/CMakeFiles/CMakeTmp

Run Build Command:"/usr/bin/make" "cmTC_bb1ef/fast"
/usr/bin/make -f CMakeFiles/cmTC_bb1ef.dir/build.make CMakeFiles/cmTC_bb1ef.dir/build
make[1]: ingresso nella directory "/home/michele/catkinect/build/CMakeFiles/CMakeTmp"
Building C object CMakeFiles/cmTC_bb1ef.dir/CheckSymbolExists.c.o
/usr/bin/cc     -o CMakeFiles/cmTC_bb1ef.dir/CheckSymbolExists.c.o   -c /home/michele/catkinect/build/CMakeFiles/CMakeTmp/CheckSymbolExists.c
/home/michele/catkinect/build/CMakeFiles/CMakeTmp/CheckSymbolExists.c:2:47: fatal error: OpenCL_INCLUDE_DIR-NOTFOUND/CL/cl.h: File o directory non esistente
compilation terminated.
CMakeFiles/cmTC_bb1ef.dir/build.make:65: set di istruzioni per l'obiettivo "CMakeFiles/cmTC_bb1ef.dir/CheckSymbolExists.c.o" non riuscito
make[1]: *** [CMakeFiles/cmTC_bb1ef.dir/CheckSymbolExists.c.o] Errore 1
make[1]: uscita dalla directory "/home/michele/catkinect/build/CMakeFiles/CMakeTmp"
Makefile:126: set di istruzioni per l'obiettivo "cmTC_bb1ef/fast" non riuscito
make: *** [cmTC_bb1ef/fast] Errore 2

File /home/michele/catkinect/build/CMakeFiles/CMakeTmp/CheckSymbolExists.c:
/* */
#include <OpenCL_INCLUDE_DIR-NOTFOUND/CL/cl.h>

int main(int argc, char** argv)
{
  (void)argv;
#ifndef CL_VERSION_1_1
  return ((int*)(&CL_VERSION_1_1))[argc];
#else
  (void)argc;
  return 0;
#endif
}

Determining if the CL_VERSION_1_0 exist failed with the following output:
Change Dir: /home/michele/catkinect/build/CMakeFiles/CMakeTmp

Run Build Command:"/usr/bin/make" "cmTC_89afc/fast"
/usr/bin/make -f CMakeFiles/cmTC_89afc.dir/build.make CMakeFiles/cmTC_89afc.dir/build
make[1]: ingresso nella directory "/home/michele/catkinect/build/CMakeFiles/CMakeTmp"
Building C object CMakeFiles/cmTC_89afc.dir/CheckSymbolExists.c.o
/usr/bin/cc     -o CMakeFiles/cmTC_89afc.dir/CheckSymbolExists.c.o   -c /home/michele/catkinect/build/CMakeFiles/CMakeTmp/CheckSymbolExists.c
/home/michele/catkinect/build/CMakeFiles/CMakeTmp/CheckSymbolExists.c:2:47: fatal error: OpenCL_INCLUDE_DIR-NOTFOUND/CL/cl.h: File o directory non esistente
compilation terminated.
CMakeFiles/cmTC_89afc.dir/build.make:65: set di istruzioni per l'obiettivo "CMakeFiles/cmTC_89afc.dir/CheckSymbolExists.c.o" non riuscito
make[1]: *** [CMakeFiles/cmTC_89afc.dir/CheckSymbolExists.c.o] Errore 1
make[1]: uscita dalla directory "/home/michele/catkinect/build/CMakeFiles/CMakeTmp"
Makefile:126: set di istruzioni per l'obiettivo "cmTC_89afc/fast" non riuscito
make: *** [cmTC_89afc/fast] Errore 2

File /home/michele/catkinect/build/CMakeFiles/CMakeTmp/CheckSymbolExists.c:
/* */
#include <OpenCL_INCLUDE_DIR-NOTFOUND/CL/cl.h>

int main(int argc, char** argv)
{
  (void)argv;
#ifndef CL_VERSION_1_0
  return ((int*)(&CL_VERSION_1_0))[argc];
#else
  (void)argc;
  return 0;
#endif
}

